\BOOKMARK [0][]{chapter.1}{1 Introduzione}{}% 1
\BOOKMARK [1][-]{section.1.1}{1.1 Storia e utilizzi della fune}{chapter.1}% 2
\BOOKMARK [1][-]{section.1.2}{1.2 Le funi in acciaio}{chapter.1}% 3
\BOOKMARK [2][-]{subsection.1.2.1}{1.2.1 Filo}{section.1.2}% 4
\BOOKMARK [2][-]{subsection.1.2.2}{1.2.2 Trefolo}{section.1.2}% 5
\BOOKMARK [1][-]{section.1.3}{1.3 Applicazione delle funi a strutture moderne}{chapter.1}% 6
\BOOKMARK [2][-]{subsection.1.3.1}{1.3.1 Ponti sospesi}{section.1.3}% 7
\BOOKMARK [2][-]{subsection.1.3.2}{1.3.2 Ponti strallati}{section.1.3}% 8
\BOOKMARK [0][]{chapter.2}{2 Teoria dei fili ideali}{}% 9
\BOOKMARK [1][-]{section.2.1}{2.1 Sollecitazioni esterne}{chapter.2}% 10
\BOOKMARK [1][-]{section.2.2}{2.2 Condizione di equilibrio}{chapter.2}% 11
\BOOKMARK [1][-]{section.2.3}{2.3 Equazioni cardinali della statica per un elemento di filo}{chapter.2}% 12
\BOOKMARK [2][-]{subsection.2.3.1}{2.3.1 Prima equazione cardinale della statica}{section.2.3}% 13
\BOOKMARK [2][-]{subsection.2.3.2}{2.3.2 Seconda equazione cardinale della statica}{section.2.3}% 14
\BOOKMARK [1][-]{section.2.4}{2.4 Equazioni intrinseche dell'equilibrio}{chapter.2}% 15
\BOOKMARK [1][-]{section.2.5}{2.5 Equazioni di equilibrio ridotte a forma normale}{chapter.2}% 16
\BOOKMARK [2][-]{subsection.2.5.1}{2.5.1 Condizioni al contorno}{section.2.5}% 17
\BOOKMARK [2][-]{subsection.2.5.2}{2.5.2 Calcolo delle tensioni}{section.2.5}% 18
\BOOKMARK [1][-]{section.2.6}{2.6 Campo di forze continue e parallele}{chapter.2}% 19
\BOOKMARK [1][-]{section.2.7}{2.7 Terna di riferimento standard}{chapter.2}% 20
\BOOKMARK [2][-]{subsection.2.7.1}{2.7.1 Problema a valori al contorno}{section.2.7}% 21
\BOOKMARK [0][]{chapter.3}{3 Applicazione della teoria dei fili}{}% 22
\BOOKMARK [1][-]{section.3.1}{3.1 Equazione dei ponti sospesi}{chapter.3}% 23
\BOOKMARK [1][-]{section.3.2}{3.2 Catenaria omogenea}{chapter.3}% 24
